0 verbose cli E:\software\Node\node.exe E:\software\Node\node_modules\npm\bin\npm-cli.js
1 info using npm@11.12.1
2 info using node@v24.15.0
3 silly config load:file:E:\software\Node\node_modules\npm\npmrc
4 silly config load:file:E:\some_work_project\cursor-trae\trae-3 to g\frontend\.npmrc
5 silly config load:file:C:\Users\21242\.npmrc
6 silly config load:file:E:\software\Node\node_global\etc\npmrc
7 verbose title npm install
8 verbose argv "install" "--cache" ".npm_cache"
9 verbose logfile logs-max:10 dir:E:\some_work_project\cursor-trae\trae-3 to g\frontend\.npm_cache\_logs\2026-05-15T08_23_33_143Z-
10 verbose logfile E:\some_work_project\cursor-trae\trae-3 to g\frontend\.npm_cache\_logs\2026-05-15T08_23_33_143Z-debug-0.log
11 silly logfile done cleaning log files
12 silly packumentCache heap:4496293888 maxSize:1124073472 maxEntrySize:562036736
13 silly idealTree buildDeps
14 silly fetch manifest vue@^3.4.21
15 silly packumentCache full:https://registry.npmjs.org/vue cache-miss
16 http cache https://registry.npmjs.org/vue 20ms (cache hit)
17 silly packumentCache full:https://registry.npmjs.org/vue set size:2035974 disposed:false
18 silly fetch manifest typescript@*
19 silly packumentCache full:https://registry.npmjs.org/typescript cache-miss
20 http cache https://registry.npmjs.org/typescript 35ms (cache hit)
21 silly packumentCache full:https://registry.npmjs.org/typescript set size:15409943 disposed:false
22 silly fetch manifest axios@^1.6.8
23 silly packumentCache full:https://registry.npmjs.org/axios cache-miss
24 http cache https://registry.npmjs.org/axios 11ms (cache hit)
25 silly packumentCache full:https://registry.npmjs.org/axios set size:820578 disposed:false
26 silly fetch manifest lucide-vue-next@^0.2.0
27 silly packumentCache full:https://registry.npmjs.org/lucide-vue-next cache-miss
28 http cache https://registry.npmjs.org/lucide-vue-next 28ms (cache hit)
29 silly packumentCache full:https://registry.npmjs.org/lucide-vue-next set size:2001904 disposed:false
30 silly fetch manifest @vitejs/plugin-vue@^5.1.4
31 silly packumentCache full:https://registry.npmjs.org/@vitejs%2fplugin-vue cache-miss
32 http cache https://registry.npmjs.org/@vitejs%2fplugin-vue 9ms (cache hit)
33 silly packumentCache full:https://registry.npmjs.org/@vitejs%2fplugin-vue set size:422758 disposed:false
34 silly fetch manifest vite@^5.2.8
35 silly packumentCache full:https://registry.npmjs.org/vite cache-miss
36 http cache https://registry.npmjs.org/vite 74ms (cache hit)
37 silly packumentCache full:https://registry.npmjs.org/vite set size:38838042 disposed:false
38 silly fetch manifest @types/node@^18.0.0 || >=20.0.0
39 silly packumentCache full:https://registry.npmjs.org/@types%2fnode cache-miss
40 http cache https://registry.npmjs.org/@types%2fnode 29ms (cache hit)
41 silly packumentCache full:https://registry.npmjs.org/@types%2fnode set size:11008407 disposed:false
42 silly fetch manifest less@*
43 silly packumentCache full:https://registry.npmjs.org/less cache-miss
44 http cache https://registry.npmjs.org/less 31ms (cache hit)
45 silly packumentCache full:https://registry.npmjs.org/less set size:461684 disposed:false
46 silly fetch manifest lightningcss@^1.21.0
47 silly packumentCache full:https://registry.npmjs.org/lightningcss cache-miss
48 http cache https://registry.npmjs.org/lightningcss 9ms (cache hit)
49 silly packumentCache full:https://registry.npmjs.org/lightningcss set size:186753 disposed:false
50 silly fetch manifest sass@*
51 silly packumentCache full:https://registry.npmjs.org/sass cache-miss
52 http cache https://registry.npmjs.org/sass 10ms (cache hit)
53 silly packumentCache full:https://registry.npmjs.org/sass set size:726244 disposed:false
54 silly fetch manifest sass-embedded@*
55 silly packumentCache full:https://registry.npmjs.org/sass-embedded cache-miss
56 http cache https://registry.npmjs.org/sass-embedded 9ms (cache hit)
57 silly packumentCache full:https://registry.npmjs.org/sass-embedded set size:415594 disposed:false
58 silly fetch manifest stylus@*
59 silly packumentCache full:https://registry.npmjs.org/stylus cache-miss
60 http cache https://registry.npmjs.org/stylus 8ms (cache hit)
61 silly packumentCache full:https://registry.npmjs.org/stylus set size:286766 disposed:false
62 silly fetch manifest sugarss@*
63 silly packumentCache full:https://registry.npmjs.org/sugarss cache-miss
64 http cache https://registry.npmjs.org/sugarss 8ms (cache hit)
65 silly packumentCache full:https://registry.npmjs.org/sugarss set size:44975 disposed:false
66 silly fetch manifest postcss@^8.4.35
67 silly packumentCache full:https://registry.npmjs.org/postcss cache-miss
68 http cache https://registry.npmjs.org/postcss 8ms (cache hit)
69 silly packumentCache full:https://registry.npmjs.org/postcss set size:720302 disposed:false
70 silly fetch manifest terser@^5.4.0
71 silly packumentCache full:https://registry.npmjs.org/terser cache-miss
72 http cache https://registry.npmjs.org/terser 9ms (cache hit)
73 silly packumentCache full:https://registry.npmjs.org/terser set size:800268 disposed:false
74 silly fetch manifest tailwindcss@^3.4.14
75 silly packumentCache full:https://registry.npmjs.org/tailwindcss cache-miss
76 http cache https://registry.npmjs.org/tailwindcss 25ms (cache hit)
77 silly packumentCache full:https://registry.npmjs.org/tailwindcss set size:10521111 disposed:false
78 silly fetch manifest autoprefixer@^10.4.18
79 silly packumentCache full:https://registry.npmjs.org/autoprefixer cache-miss
80 http cache https://registry.npmjs.org/autoprefixer 11ms (cache hit)
81 silly packumentCache full:https://registry.npmjs.org/autoprefixer set size:1319426 disposed:false
82 silly placeDep ROOT @vitejs/plugin-vue@5.2.4 OK for: gcode-converter-frontend@1.0.0 want: ^5.1.4
83 silly placeDep ROOT vue@3.5.34 OK for: @vitejs/plugin-vue@5.2.4 want: ^3.2.25
84 silly placeDep ROOT vite@5.4.21 OK for: @vitejs/plugin-vue@5.2.4 want: ^5.0.0 || ^6.0.0
85 silly placeDep ROOT autoprefixer@10.5.0 OK for: gcode-converter-frontend@1.0.0 want: ^10.4.18
86 silly placeDep ROOT postcss@8.5.14 OK for: autoprefixer@10.5.0 want: ^8.1.0
87 silly placeDep ROOT axios@1.16.1 OK for: gcode-converter-frontend@1.0.0 want: ^1.6.8
88 silly placeDep ROOT lucide-vue-next@ OK for: gcode-converter-frontend@1.0.0 want: ^0.2.0
89 silly placeDep ROOT tailwindcss@3.4.19 OK for: gcode-converter-frontend@1.0.0 want: ^3.4.14
90 silly fetch manifest rollup@^4.20.0
91 silly packumentCache full:https://registry.npmjs.org/rollup cache-miss
92 silly fetch manifest esbuild@^0.21.3
93 silly packumentCache full:https://registry.npmjs.org/esbuild cache-miss
94 silly fetch manifest postcss@^8.4.43
95 silly packumentCache full:https://registry.npmjs.org/postcss cache-hit
96 silly fetch manifest fsevents@~2.3.3
97 silly packumentCache full:https://registry.npmjs.org/fsevents cache-miss
98 silly fetch manifest @vue/shared@3.5.34
99 silly packumentCache full:https://registry.npmjs.org/@vue%2fshared cache-miss
100 silly fetch manifest @vue/runtime-dom@3.5.34
101 silly packumentCache full:https://registry.npmjs.org/@vue%2fruntime-dom cache-miss
102 silly fetch manifest @vue/compiler-dom@3.5.34
103 silly packumentCache full:https://registry.npmjs.org/@vue%2fcompiler-dom cache-miss
104 silly fetch manifest @vue/compiler-sfc@3.5.34
105 silly packumentCache full:https://registry.npmjs.org/@vue%2fcompiler-sfc cache-miss
106 http cache https://registry.npmjs.org/esbuild 25ms (cache hit)
107 silly packumentCache full:https://registry.npmjs.org/esbuild set size:1254708 disposed:false
108 silly fetch manifest @vue/server-renderer@3.5.34
109 silly packumentCache full:https://registry.npmjs.org/@vue%2fserver-renderer cache-miss
110 http cache https://registry.npmjs.org/fsevents 32ms (cache hit)
111 silly packumentCache full:https://registry.npmjs.org/fsevents set size:182472 disposed:false
112 silly fetch manifest browserslist@^4.28.2
113 silly packumentCache full:https://registry.npmjs.org/browserslist cache-miss
114 http cache https://registry.npmjs.org/rollup 44ms (cache hit)
115 silly packumentCache full:https://registry.npmjs.org/rollup set size:6193699 disposed:false
116 silly fetch manifest caniuse-lite@^1.0.30001787
117 silly packumentCache full:https://registry.npmjs.org/caniuse-lite cache-miss
118 http cache https://registry.npmjs.org/@vue%2fshared 90ms (cache hit)
119 silly packumentCache full:https://registry.npmjs.org/@vue%2fshared set size:701570 disposed:false
120 silly fetch manifest fraction.js@^5.3.4
121 silly packumentCache full:https://registry.npmjs.org/fraction.js cache-miss
122 http cache https://registry.npmjs.org/@vue%2fcompiler-dom 105ms (cache hit)
123 silly packumentCache full:https://registry.npmjs.org/@vue%2fcompiler-dom set size:830173 disposed:false
124 silly fetch manifest picocolors@^1.1.1
125 silly packumentCache full:https://registry.npmjs.org/picocolors cache-miss
126 http cache https://registry.npmjs.org/@vue%2fruntime-dom 111ms (cache hit)
127 silly packumentCache full:https://registry.npmjs.org/@vue%2fruntime-dom set size:822981 disposed:false
128 silly fetch manifest postcss-value-parser@^4.2.0
129 silly packumentCache full:https://registry.npmjs.org/postcss-value-parser cache-miss
130 http cache https://registry.npmjs.org/@vue%2fcompiler-sfc 117ms (cache hit)
131 silly packumentCache full:https://registry.npmjs.org/@vue%2fcompiler-sfc set size:972937 disposed:false
132 silly fetch manifest nanoid@^3.3.11
133 silly packumentCache full:https://registry.npmjs.org/nanoid cache-miss
134 http cache https://registry.npmjs.org/browserslist 105ms (cache hit)
135 silly packumentCache full:https://registry.npmjs.org/browserslist set size:504681 disposed:false
136 silly fetch manifest picocolors@^1.1.1
137 silly packumentCache full:https://registry.npmjs.org/picocolors cache-miss
138 http cache https://registry.npmjs.org/fraction.js 43ms (cache hit)
139 silly packumentCache full:https://registry.npmjs.org/fraction.js set size:149386 disposed:false
140 silly fetch manifest source-map-js@^1.2.1
141 silly packumentCache full:https://registry.npmjs.org/source-map-js cache-miss
142 http cache https://registry.npmjs.org/@vue%2fserver-renderer 117ms (cache hit)
143 silly packumentCache full:https://registry.npmjs.org/@vue%2fserver-renderer set size:797599 disposed:false
144 silly fetch manifest follow-redirects@^1.16.0
145 silly packumentCache full:https://registry.npmjs.org/follow-redirects cache-miss
146 http cache https://registry.npmjs.org/caniuse-lite 67ms (cache hit)
147 silly packumentCache full:https://registry.npmjs.org/caniuse-lite set size:2291079 disposed:false
148 silly fetch manifest form-data@^4.0.5
149 silly packumentCache full:https://registry.npmjs.org/form-data cache-miss
150 http cache https://registry.npmjs.org/picocolors 57ms (cache hit)
151 silly packumentCache full:https://registry.npmjs.org/picocolors set size:16648 disposed:false
152 silly fetch manifest https-proxy-agent@^5.0.1
153 silly packumentCache full:https://registry.npmjs.org/https-proxy-agent cache-miss
154 http cache https://registry.npmjs.org/postcss-value-parser 54ms (cache hit)
155 silly packumentCache full:https://registry.npmjs.org/postcss-value-parser set size:73484 disposed:false
156 silly fetch manifest proxy-from-env@^2.1.0
157 silly packumentCache full:https://registry.npmjs.org/proxy-from-env cache-miss
158 http cache https://registry.npmjs.org/nanoid 48ms (cache hit)
159 silly packumentCache full:https://registry.npmjs.org/nanoid set size:310559 disposed:false
160 silly fetch manifest arg@^5.0.2
161 silly packumentCache full:https://registry.npmjs.org/arg cache-miss
162 http cache https://registry.npmjs.org/source-map-js 39ms (cache hit)
163 silly packumentCache full:https://registry.npmjs.org/source-map-js set size:62640 disposed:false
164 silly fetch manifest dlv@^1.1.3
165 silly packumentCache full:https://registry.npmjs.org/dlv cache-miss
166 http cache https://registry.npmjs.org/picocolors 42ms (cache hit)
167 silly packumentCache full:https://registry.npmjs.org/picocolors set size:16648 disposed:false
168 silly packumentCache full:https://registry.npmjs.org/picocolors dispose
169 silly fetch manifest jiti@^1.21.7
170 silly packumentCache full:https://registry.npmjs.org/jiti cache-miss
171 http cache https://registry.npmjs.org/follow-redirects 37ms (cache hit)
172 silly packumentCache full:https://registry.npmjs.org/follow-redirects set size:188945 disposed:false
173 silly fetch manifest is-glob@^4.0.3
174 silly packumentCache full:https://registry.npmjs.org/is-glob cache-miss
175 http cache https://registry.npmjs.org/form-data 27ms (cache hit)
176 silly packumentCache full:https://registry.npmjs.org/form-data set size:153646 disposed:false
177 silly fetch manifest resolve@^1.22.8
178 silly packumentCache full:https://registry.npmjs.org/resolve cache-miss
179 http cache https://registry.npmjs.org/proxy-from-env 27ms (cache hit)
180 silly packumentCache full:https://registry.npmjs.org/proxy-from-env set size:21422 disposed:false
181 silly fetch manifest sucrase@^3.35.0
182 silly packumentCache full:https://registry.npmjs.org/sucrase cache-miss
183 http cache https://registry.npmjs.org/https-proxy-agent 30ms (cache hit)
184 silly packumentCache full:https://registry.npmjs.org/https-proxy-agent set size:81258 disposed:false
185 silly fetch manifest chokidar@^3.6.0
186 silly packumentCache full:https://registry.npmjs.org/chokidar cache-miss
187 http cache https://registry.npmjs.org/arg 26ms (cache hit)
188 silly packumentCache full:https://registry.npmjs.org/arg set size:67036 disposed:false
189 silly fetch manifest fast-glob@^3.3.2
190 silly packumentCache full:https://registry.npmjs.org/fast-glob cache-miss
191 http cache https://registry.npmjs.org/dlv 27ms (cache hit)
192 silly packumentCache full:https://registry.npmjs.org/dlv set size:16709 disposed:false
193 silly fetch manifest lilconfig@^3.1.3
194 silly packumentCache full:https://registry.npmjs.org/lilconfig cache-miss
195 http cache https://registry.npmjs.org/resolve 22ms (cache hit)
196 silly packumentCache full:https://registry.npmjs.org/resolve set size:252941 disposed:false
197 silly fetch manifest didyoumean@^1.2.2
198 silly packumentCache full:https://registry.npmjs.org/didyoumean cache-miss
199 http cache https://registry.npmjs.org/is-glob 28ms (cache hit)
200 silly packumentCache full:https://registry.npmjs.org/is-glob set size:40530 disposed:false
201 silly fetch manifest micromatch@^4.0.8
202 silly packumentCache full:https://registry.npmjs.org/micromatch cache-miss
203 http cache https://registry.npmjs.org/jiti 32ms (cache hit)
204 silly packumentCache full:https://registry.npmjs.org/jiti set size:387989 disposed:false
205 silly fetch manifest postcss-js@^4.0.1
206 silly packumentCache full:https://registry.npmjs.org/postcss-js cache-miss
207 http cache https://registry.npmjs.org/sucrase 30ms (cache hit)
208 silly packumentCache full:https://registry.npmjs.org/sucrase set size:449399 disposed:false
209 silly fetch manifest glob-parent@^6.0.2
210 silly packumentCache full:https://registry.npmjs.org/glob-parent cache-miss
211 http cache https://registry.npmjs.org/fast-glob 32ms (cache hit)
212 silly packumentCache full:https://registry.npmjs.org/fast-glob set size:220556 disposed:false
213 silly fetch manifest object-hash@^3.0.0
214 silly packumentCache full:https://registry.npmjs.org/object-hash cache-miss
215 http cache https://registry.npmjs.org/chokidar 36ms (cache hit)
216 silly packumentCache full:https://registry.npmjs.org/chokidar set size:255902 disposed:false
217 silly fetch manifest normalize-path@^3.0.0
218 silly packumentCache full:https://registry.npmjs.org/normalize-path cache-miss
219 http cache https://registry.npmjs.org/didyoumean 42ms (cache hit)
220 silly packumentCache full:https://registry.npmjs.org/didyoumean set size:11446 disposed:false
221 silly fetch manifest postcss-import@^15.1.0
222 silly packumentCache full:https://registry.npmjs.org/postcss-import cache-miss
223 http cache https://registry.npmjs.org/micromatch 42ms (cache hit)
224 silly packumentCache full:https://registry.npmjs.org/micromatch set size:240630 disposed:false
225 silly fetch manifest postcss-nested@^6.2.0
226 silly packumentCache full:https://registry.npmjs.org/postcss-nested cache-miss
227 http cache https://registry.npmjs.org/lilconfig 50ms (cache hit)
228 silly packumentCache full:https://registry.npmjs.org/lilconfig set size:45636 disposed:false
229 silly fetch manifest @alloc/quick-lru@^5.2.0
230 silly packumentCache full:https://registry.npmjs.org/@alloc%2fquick-lru cache-miss
231 http cache https://registry.npmjs.org/postcss-js 42ms (cache hit)
232 silly packumentCache full:https://registry.npmjs.org/postcss-js set size:51308 disposed:false
233 silly fetch manifest postcss-load-config@^4.0.2 || ^5.0 || ^6.0
234 silly packumentCache full:https://registry.npmjs.org/postcss-load-config cache-miss
235 http cache https://registry.npmjs.org/glob-parent 38ms (cache hit)
236 silly packumentCache full:https://registry.npmjs.org/glob-parent set size:42445 disposed:false
237 silly fetch manifest postcss-selector-parser@^6.1.2
238 silly packumentCache full:https://registry.npmjs.org/postcss-selector-parser cache-miss
239 http cache https://registry.npmjs.org/object-hash 36ms (cache hit)
240 silly packumentCache full:https://registry.npmjs.org/object-hash set size:100564 disposed:false
241 http cache https://registry.npmjs.org/normalize-path 33ms (cache hit)
242 silly packumentCache full:https://registry.npmjs.org/normalize-path set size:28713 disposed:false
243 http cache https://registry.npmjs.org/@alloc%2fquick-lru 19ms (cache hit)
244 silly packumentCache full:https://registry.npmjs.org/@alloc%2fquick-lru set size:7269 disposed:false
245 http cache https://registry.npmjs.org/postcss-import 25ms (cache hit)
246 silly packumentCache full:https://registry.npmjs.org/postcss-import set size:120971 disposed:false
247 http cache https://registry.npmjs.org/postcss-nested 22ms (cache hit)
248 silly packumentCache full:https://registry.npmjs.org/postcss-nested set size:79120 disposed:false
249 http cache https://registry.npmjs.org/postcss-load-config 20ms (cache hit)
250 silly packumentCache full:https://registry.npmjs.org/postcss-load-config set size:86425 disposed:false
251 http cache https://registry.npmjs.org/postcss-selector-parser 19ms (cache hit)
252 silly packumentCache full:https://registry.npmjs.org/postcss-selector-parser set size:177140 disposed:false
253 silly placeDep ROOT browserslist@4.28.2 OK for: autoprefixer@10.5.0 want: ^4.28.2
254 silly placeDep ROOT caniuse-lite@1.0.30001792 OK for: autoprefixer@10.5.0 want: ^1.0.30001787
255 silly placeDep ROOT fraction.js@5.3.4 OK for: autoprefixer@10.5.0 want: ^5.3.4
256 silly placeDep ROOT picocolors@1.1.1 OK for: autoprefixer@10.5.0 want: ^1.1.1
257 silly placeDep ROOT postcss-value-parser@4.2.0 OK for: autoprefixer@10.5.0 want: ^4.2.0
258 silly fetch manifest baseline-browser-mapping@^2.10.12
259 silly packumentCache full:https://registry.npmjs.org/baseline-browser-mapping cache-miss
260 silly fetch manifest caniuse-lite@^1.0.30001782
261 silly packumentCache full:https://registry.npmjs.org/caniuse-lite cache-miss
262 silly fetch manifest electron-to-chromium@^1.5.328
263 silly packumentCache full:https://registry.npmjs.org/electron-to-chromium cache-miss
264 silly fetch manifest node-releases@^2.0.36
265 silly packumentCache full:https://registry.npmjs.org/node-releases cache-miss
266 silly fetch manifest update-browserslist-db@^1.2.3
267 silly packumentCache full:https://registry.npmjs.org/update-browserslist-db cache-miss
268 http cache https://registry.npmjs.org/baseline-browser-mapping 17ms (cache hit)
269 silly packumentCache full:https://registry.npmjs.org/baseline-browser-mapping set size:479134 disposed:false
270 http cache https://registry.npmjs.org/node-releases 19ms (cache hit)
271 silly packumentCache full:https://registry.npmjs.org/node-releases set size:276946 disposed:false
272 http cache https://registry.npmjs.org/caniuse-lite 25ms (cache hit)
273 silly packumentCache full:https://registry.npmjs.org/caniuse-lite set size:2291079 disposed:false
274 http cache https://registry.npmjs.org/electron-to-chromium 40ms (cache hit)
275 silly packumentCache full:https://registry.npmjs.org/electron-to-chromium set size:4794555 disposed:false
276 http cache https://registry.npmjs.org/update-browserslist-db 59ms (cache hit)
277 silly packumentCache full:https://registry.npmjs.org/update-browserslist-db set size:62000 disposed:false
278 silly placeDep ROOT follow-redirects@1.16.0 OK for: axios@1.16.1 want: ^1.16.0
279 silly placeDep ROOT form-data@4.0.5 OK for: axios@1.16.1 want: ^4.0.5
280 silly placeDep ROOT https-proxy-agent@5.0.1 OK for: axios@1.16.1 want: ^5.0.1
281 silly placeDep ROOT proxy-from-env@2.1.0 OK for: axios@1.16.1 want: ^2.1.0
282 silly fetch manifest asynckit@^0.4.0
283 silly packumentCache full:https://registry.npmjs.org/asynckit cache-miss
284 silly fetch manifest combined-stream@^1.0.8
285 silly packumentCache full:https://registry.npmjs.org/combined-stream cache-miss
286 silly fetch manifest es-set-tostringtag@^2.1.0
287 silly packumentCache full:https://registry.npmjs.org/es-set-tostringtag cache-miss
288 silly fetch manifest hasown@^2.0.2
289 silly packumentCache full:https://registry.npmjs.org/hasown cache-miss
290 silly fetch manifest mime-types@^2.1.12
291 silly packumentCache full:https://registry.npmjs.org/mime-types cache-miss
292 silly fetch manifest debug@4
293 silly packumentCache full:https://registry.npmjs.org/debug cache-miss
294 silly fetch manifest agent-base@6
295 silly packumentCache full:https://registry.npmjs.org/agent-base cache-miss
296 http cache https://registry.npmjs.org/combined-stream 17ms (cache hit)
297 silly packumentCache full:https://registry.npmjs.org/combined-stream set size:40337 disposed:false
298 http cache https://registry.npmjs.org/asynckit 20ms (cache hit)
299 silly packumentCache full:https://registry.npmjs.org/asynckit set size:18932 disposed:false
300 http cache https://registry.npmjs.org/hasown 19ms (cache hit)
301 silly packumentCache full:https://registry.npmjs.org/hasown set size:15429 disposed:false
302 http cache https://registry.npmjs.org/mime-types 20ms (cache hit)
303 silly packumentCache full:https://registry.npmjs.org/mime-types set size:139110 disposed:false
304 http cache https://registry.npmjs.org/es-set-tostringtag 22ms (cache hit)
305 silly packumentCache full:https://registry.npmjs.org/es-set-tostringtag set size:22094 disposed:false
306 http cache https://registry.npmjs.org/agent-base 22ms (cache hit)
307 silly packumentCache full:https://registry.npmjs.org/agent-base set size:72085 disposed:false
308 http cache https://registry.npmjs.org/debug 23ms (cache hit)
309 silly packumentCache full:https://registry.npmjs.org/debug set size:195840 disposed:false
310 silly fetch manifest browserslist@>= 4.21.0
311 silly packumentCache full:https://registry.npmjs.org/browserslist cache-hit
312 silly placeDep ROOT baseline-browser-mapping@2.10.29 OK for: browserslist@4.28.2 want: ^2.10.12
313 silly placeDep ROOT electron-to-chromium@1.5.356 OK for: browserslist@4.28.2 want: ^1.5.328
314 silly placeDep ROOT node-releases@2.0.44 OK for: browserslist@4.28.2 want: ^2.0.36
315 silly placeDep ROOT update-browserslist-db@1.2.3 OK for: browserslist@4.28.2 want: ^1.2.3
316 silly fetch manifest escalade@^3.2.0
317 silly packumentCache full:https://registry.npmjs.org/escalade cache-miss
318 http cache https://registry.npmjs.org/escalade 7ms (cache hit)
319 silly packumentCache full:https://registry.npmjs.org/escalade set size:33724 disposed:false
320 silly placeDep ROOT asynckit@0.4.0 OK for: form-data@4.0.5 want: ^0.4.0
321 silly placeDep ROOT combined-stream@1.0.8 OK for: form-data@4.0.5 want: ^1.0.8
322 silly placeDep ROOT es-set-tostringtag@2.1.0 OK for: form-data@4.0.5 want: ^2.1.0
323 silly placeDep ROOT hasown@2.0.3 OK for: form-data@4.0.5 want: ^2.0.2
324 silly placeDep ROOT mime-types@2.1.35 OK for: form-data@4.0.5 want: ^2.1.12
325 silly fetch manifest delayed-stream@~1.0.0
326 silly packumentCache full:https://registry.npmjs.org/delayed-stream cache-miss
327 silly fetch manifest es-errors@^1.3.0
328 silly packumentCache full:https://registry.npmjs.org/es-errors cache-miss
329 silly fetch manifest get-intrinsic@^1.2.6
330 silly packumentCache full:https://registry.npmjs.org/get-intrinsic cache-miss
331 silly fetch manifest has-tostringtag@^1.0.2
332 silly packumentCache full:https://registry.npmjs.org/has-tostringtag cache-miss
333 silly fetch manifest function-bind@^1.1.2
334 silly packumentCache full:https://registry.npmjs.org/function-bind cache-miss
335 silly fetch manifest mime-db@1.52.0
336 silly packumentCache full:https://registry.npmjs.org/mime-db cache-miss
337 http cache https://registry.npmjs.org/get-intrinsic 18ms (cache hit)
338 silly packumentCache full:https://registry.npmjs.org/get-intrinsic set size:60985 disposed:false
339 http cache https://registry.npmjs.org/es-errors 20ms (cache hit)
340 silly packumentCache full:https://registry.npmjs.org/es-errors set size:16918 disposed:false
341 http cache https://registry.npmjs.org/delayed-stream 21ms (cache hit)
342 silly packumentCache full:https://registry.npmjs.org/delayed-stream set size:15820 disposed:false
343 http cache https://registry.npmjs.org/has-tostringtag 21ms (cache hit)
344 silly packumentCache full:https://registry.npmjs.org/has-tostringtag set size:13945 disposed:false
345 http cache https://registry.npmjs.org/function-bind 22ms (cache hit)
346 silly packumentCache full:https://registry.npmjs.org/function-bind set size:15733 disposed:false
347 http cache https://registry.npmjs.org/mime-db 23ms (cache hit)
348 silly packumentCache full:https://registry.npmjs.org/mime-db set size:164953 disposed:false
349 silly placeDep ROOT delayed-stream@1.0.0 OK for: combined-stream@1.0.8 want: ~1.0.0
350 silly placeDep ROOT es-errors@1.3.0 OK for: es-set-tostringtag@2.1.0 want: ^1.3.0
351 silly placeDep ROOT get-intrinsic@1.3.0 OK for: es-set-tostringtag@2.1.0 want: ^1.2.6
352 silly placeDep ROOT has-tostringtag@1.0.2 OK for: es-set-tostringtag@2.1.0 want: ^1.0.2
353 silly fetch manifest gopd@^1.2.0
354 silly packumentCache full:https://registry.npmjs.org/gopd cache-miss
355 silly fetch manifest get-proto@^1.0.1
356 silly packumentCache full:https://registry.npmjs.org/get-proto cache-miss
357 silly fetch manifest has-symbols@^1.1.0
358 silly packumentCache full:https://registry.npmjs.org/has-symbols cache-miss
359 silly fetch manifest es-object-atoms@^1.1.1
360 silly packumentCache full:https://registry.npmjs.org/es-object-atoms cache-miss
361 silly fetch manifest math-intrinsics@^1.1.0
362 silly packumentCache full:https://registry.npmjs.org/math-intrinsics cache-miss
363 silly fetch manifest es-define-property@^1.0.1
364 silly packumentCache full:https://registry.npmjs.org/es-define-property cache-miss
365 silly fetch manifest call-bind-apply-helpers@^1.0.2
366 silly packumentCache full:https://registry.npmjs.org/call-bind-apply-helpers cache-miss
367 http cache https://registry.npmjs.org/math-intrinsics 17ms (cache hit)
368 silly packumentCache full:https://registry.npmjs.org/math-intrinsics set size:9265 disposed:false
369 silly fetch manifest has-symbols@^1.0.3
370 silly packumentCache full:https://registry.npmjs.org/has-symbols cache-miss
371 http cache https://registry.npmjs.org/get-proto 20ms (cache hit)
372 silly packumentCache full:https://registry.npmjs.org/get-proto set size:8300 disposed:false
373 http cache https://registry.npmjs.org/gopd 20ms (cache hit)
374 silly packumentCache full:https://registry.npmjs.org/gopd set size:11458 disposed:false
375 http cache https://registry.npmjs.org/es-define-property 20ms (cache hit)
376 silly packumentCache full:https://registry.npmjs.org/es-define-property set size:8542 disposed:false
377 http cache https://registry.npmjs.org/es-object-atoms 21ms (cache hit)
378 silly packumentCache full:https://registry.npmjs.org/es-object-atoms set size:15304 disposed:false
379 http cache https://registry.npmjs.org/has-symbols 21ms (cache hit)
380 silly packumentCache full:https://registry.npmjs.org/has-symbols set size:21550 disposed:false
381 http cache https://registry.npmjs.org/call-bind-apply-helpers 21ms (cache hit)
382 silly packumentCache full:https://registry.npmjs.org/call-bind-apply-helpers set size:12744 disposed:false
383 http cache https://registry.npmjs.org/has-symbols 11ms (cache hit)
384 silly packumentCache full:https://registry.npmjs.org/has-symbols set size:21550 disposed:false
385 silly packumentCache full:https://registry.npmjs.org/has-symbols dispose
386 silly placeDep ROOT call-bind-apply-helpers@1.0.2 OK for: get-intrinsic@1.3.0 want: ^1.0.2
387 silly placeDep ROOT es-define-property@1.0.1 OK for: get-intrinsic@1.3.0 want: ^1.0.1
388 silly placeDep ROOT es-object-atoms@1.1.1 OK for: get-intrinsic@1.3.0 want: ^1.1.1
389 silly placeDep ROOT function-bind@1.1.2 OK for: get-intrinsic@1.3.0 want: ^1.1.2
390 silly placeDep ROOT get-proto@1.0.1 OK for: get-intrinsic@1.3.0 want: ^1.0.1
391 silly placeDep ROOT gopd@1.2.0 OK for: get-intrinsic@1.3.0 want: ^1.2.0
392 silly placeDep ROOT has-symbols@1.1.0 OK for: get-intrinsic@1.3.0 want: ^1.1.0
393 silly placeDep ROOT math-intrinsics@1.1.0 OK for: get-intrinsic@1.3.0 want: ^1.1.0
394 silly fetch manifest dunder-proto@^1.0.1
395 silly packumentCache full:https://registry.npmjs.org/dunder-proto cache-miss
396 http cache https://registry.npmjs.org/dunder-proto 9ms (cache hit)
397 silly packumentCache full:https://registry.npmjs.org/dunder-proto set size:8256 disposed:false
398 silly placeDep ROOT dunder-proto@1.0.1 OK for: get-proto@1.0.1 want: ^1.0.1
399 silly placeDep ROOT agent-base@6.0.2 OK for: https-proxy-agent@5.0.1 want: 6
400 silly placeDep ROOT debug@4.4.3 OK for: https-proxy-agent@5.0.1 want: 4
401 silly fetch manifest ms@^2.1.3
402 silly packumentCache full:https://registry.npmjs.org/ms cache-miss
403 http cache https://registry.npmjs.org/ms 8ms (cache hit)
404 silly packumentCache full:https://registry.npmjs.org/ms set size:92208 disposed:false
405 silly placeDep ROOT ms@2.1.3 OK for: debug@4.4.3 want: ^2.1.3
406 silly placeDep ROOT mime-db@1.52.0 OK for: mime-types@2.1.35 want: 1.52.0
407 silly placeDep ROOT nanoid@3.3.12 OK for: postcss@8.5.14 want: ^3.3.11
408 silly placeDep ROOT source-map-js@1.2.1 OK for: postcss@8.5.14 want: ^1.2.1
409 silly fetch manifest postcss@^8.4.47
410 silly packumentCache full:https://registry.npmjs.org/postcss cache-hit
411 silly fetch manifest tsx@^4.8.1
412 silly packumentCache full:https://registry.npmjs.org/tsx cache-miss
413 http cache https://registry.npmjs.org/tsx 9ms (cache hit)
414 silly packumentCache full:https://registry.npmjs.org/tsx set size:294629 disposed:false
415 silly fetch manifest yaml@^2.4.2
416 silly packumentCache full:https://registry.npmjs.org/yaml cache-miss
417 http cache https://registry.npmjs.org/yaml 8ms (cache hit)
418 silly packumentCache full:https://registry.npmjs.org/yaml set size:385754 disposed:false
419 silly placeDep ROOT @alloc/quick-lru@5.2.0 OK for: tailwindcss@3.4.19 want: ^5.2.0
420 silly placeDep ROOT arg@5.0.2 OK for: tailwindcss@3.4.19 want: ^5.0.2
421 silly placeDep ROOT chokidar@3.6.0 OK for: tailwindcss@3.4.19 want: ^3.6.0
422 silly placeDep ROOT didyoumean@1.2.2 OK for: tailwindcss@3.4.19 want: ^1.2.2
423 silly placeDep ROOT dlv@1.1.3 OK for: tailwindcss@3.4.19 want: ^1.1.3
424 silly placeDep ROOT fast-glob@3.3.3 OK for: tailwindcss@3.4.19 want: ^3.3.2
425 silly placeDep ROOT glob-parent@6.0.2 OK for: tailwindcss@3.4.19 want: ^6.0.2
426 silly placeDep ROOT is-glob@4.0.3 OK for: tailwindcss@3.4.19 want: ^4.0.3
427 silly placeDep ROOT jiti@1.21.7 OK for: tailwindcss@3.4.19 want: ^1.21.7
428 silly placeDep ROOT lilconfig@3.1.3 OK for: tailwindcss@3.4.19 want: ^3.1.3
429 silly placeDep ROOT micromatch@4.0.8 OK for: tailwindcss@3.4.19 want: ^4.0.8
430 silly placeDep ROOT normalize-path@3.0.0 OK for: tailwindcss@3.4.19 want: ^3.0.0
431 silly placeDep ROOT object-hash@3.0.0 OK for: tailwindcss@3.4.19 want: ^3.0.0
432 silly placeDep ROOT postcss-import@15.1.0 OK for: tailwindcss@3.4.19 want: ^15.1.0
433 silly placeDep ROOT postcss-js@4.1.0 OK for: tailwindcss@3.4.19 want: ^4.0.1
434 silly placeDep ROOT postcss-load-config@6.0.1 OK for: tailwindcss@3.4.19 want: ^4.0.2 || ^5.0 || ^6.0
435 silly placeDep ROOT postcss-nested@6.2.0 OK for: tailwindcss@3.4.19 want: ^6.2.0
436 silly placeDep ROOT postcss-selector-parser@6.1.2 OK for: tailwindcss@3.4.19 want: ^6.1.2
437 silly placeDep ROOT resolve@1.22.12 OK for: tailwindcss@3.4.19 want: ^1.22.8
438 silly placeDep ROOT sucrase@3.35.1 OK for: tailwindcss@3.4.19 want: ^3.35.0
439 silly fetch manifest braces@~3.0.2
440 silly packumentCache full:https://registry.npmjs.org/braces cache-miss
441 silly fetch manifest is-glob@~4.0.1
442 silly packumentCache full:https://registry.npmjs.org/is-glob cache-hit
443 silly fetch manifest anymatch@~3.1.2
444 silly packumentCache full:https://registry.npmjs.org/anymatch cache-miss
445 silly fetch manifest readdirp@~3.6.0
446 silly packumentCache full:https://registry.npmjs.org/readdirp cache-miss
447 silly fetch manifest glob-parent@~5.1.2
448 silly packumentCache full:https://registry.npmjs.org/glob-parent cache-hit
449 silly fetch manifest is-binary-path@~2.1.0
450 silly packumentCache full:https://registry.npmjs.org/is-binary-path cache-miss
451 silly fetch manifest normalize-path@~3.0.0
452 silly packumentCache full:https://registry.npmjs.org/normalize-path cache-hit
453 silly fetch manifest fsevents@~2.3.2
454 silly packumentCache full:https://registry.npmjs.org/fsevents cache-hit
455 silly fetch manifest @nodelib/fs.stat@^2.0.2
456 silly packumentCache full:https://registry.npmjs.org/@nodelib%2ffs.stat cache-miss
457 silly fetch manifest @nodelib/fs.walk@^1.2.3
458 silly packumentCache full:https://registry.npmjs.org/@nodelib%2ffs.walk cache-miss
459 silly fetch manifest glob-parent@^5.1.2
460 silly packumentCache full:https://registry.npmjs.org/glob-parent cache-hit
461 silly fetch manifest merge2@^1.3.0
462 silly packumentCache full:https://registry.npmjs.org/merge2 cache-miss
463 http cache https://registry.npmjs.org/braces 21ms (cache hit)
464 silly packumentCache full:https://registry.npmjs.org/braces set size:114529 disposed:false
465 silly fetch manifest is-extglob@^2.1.1
466 silly packumentCache full:https://registry.npmjs.org/is-extglob cache-miss
467 http cache https://registry.npmjs.org/anymatch 23ms (cache hit)
468 silly packumentCache full:https://registry.npmjs.org/anymatch set size:42974 disposed:false
469 silly fetch manifest braces@^3.0.3
470 silly packumentCache full:https://registry.npmjs.org/braces cache-hit
471 silly fetch manifest picomatch@^2.3.1
472 silly packumentCache full:https://registry.npmjs.org/picomatch cache-miss
473 http cache https://registry.npmjs.org/@nodelib%2ffs.stat 24ms (cache hit)
474 silly packumentCache full:https://registry.npmjs.org/@nodelib%2ffs.stat set size:36993 disposed:false
475 silly fetch manifest resolve@^1.1.7
476 silly packumentCache full:https://registry.npmjs.org/resolve cache-hit
477 silly fetch manifest read-cache@^1.0.0
478 silly packumentCache full:https://registry.npmjs.org/read-cache cache-miss
479 http cache https://registry.npmjs.org/readdirp 28ms (cache hit)
480 silly packumentCache full:https://registry.npmjs.org/readdirp set size:107589 disposed:false
481 silly fetch manifest camelcase-css@^2.0.1
482 silly packumentCache full:https://registry.npmjs.org/camelcase-css cache-miss
483 http cache https://registry.npmjs.org/is-binary-path 31ms (cache hit)
484 silly packumentCache full:https://registry.npmjs.org/is-binary-path set size:13475 disposed:false
485 silly fetch manifest postcss-selector-parser@^6.1.1
486 silly packumentCache full:https://registry.npmjs.org/postcss-selector-parser cache-hit
487 silly fetch manifest cssesc@^3.0.0
488 silly packumentCache full:https://registry.npmjs.org/cssesc cache-miss
489 http cache https://registry.npmjs.org/@nodelib%2ffs.walk 31ms (cache hit)
490 silly packumentCache full:https://registry.npmjs.org/@nodelib%2ffs.walk set size:41589 disposed:false
491 silly fetch manifest util-deprecate@^1.0.2
492 silly packumentCache full:https://registry.npmjs.org/util-deprecate cache-miss
493 http cache https://registry.npmjs.org/merge2 32ms (cache hit)
494 silly packumentCache full:https://registry.npmjs.org/merge2 set size:46159 disposed:false
495 silly fetch manifest is-core-module@^2.16.1
496 silly packumentCache full:https://registry.npmjs.org/is-core-module cache-miss
497 http cache https://registry.npmjs.org/read-cache 23ms (cache hit)
498 silly packumentCache full:https://registry.npmjs.org/read-cache set size:3003 disposed:false
499 silly fetch manifest path-parse@^1.0.7
500 silly packumentCache full:https://registry.npmjs.org/path-parse cache-miss
501 http cache https://registry.npmjs.org/picomatch 27ms (cache hit)
502 silly packumentCache full:https://registry.npmjs.org/picomatch set size:126376 disposed:false
503 silly fetch manifest supports-preserve-symlinks-flag@^1.0.0
504 silly packumentCache full:https://registry.npmjs.org/supports-preserve-symlinks-flag cache-miss
505 http cache https://registry.npmjs.org/cssesc 22ms (cache hit)
506 silly packumentCache full:https://registry.npmjs.org/cssesc set size:18815 disposed:false
507 silly fetch manifest @jridgewell/gen-mapping@^0.3.2
508 silly packumentCache full:https://registry.npmjs.org/@jridgewell%2fgen-mapping cache-miss
509 http cache https://registry.npmjs.org/is-extglob 33ms (cache hit)
510 silly packumentCache full:https://registry.npmjs.org/is-extglob set size:11766 disposed:false
511 silly fetch manifest commander@^4.0.0
512 silly packumentCache full:https://registry.npmjs.org/commander cache-miss
513 http cache https://registry.npmjs.org/camelcase-css 26ms (cache hit)
514 silly packumentCache full:https://registry.npmjs.org/camelcase-css set size:9392 disposed:false
515 silly fetch manifest lines-and-columns@^1.1.6
516 silly packumentCache full:https://registry.npmjs.org/lines-and-columns cache-miss
517 http cache https://registry.npmjs.org/util-deprecate 24ms (cache hit)
518 silly packumentCache full:https://registry.npmjs.org/util-deprecate set size:6674 disposed:false
519 silly fetch manifest mz@^2.7.0
520 silly packumentCache full:https://registry.npmjs.org/mz cache-miss
521 http cache https://registry.npmjs.org/is-core-module 24ms (cache hit)
522 silly packumentCache full:https://registry.npmjs.org/is-core-module set size:74378 disposed:false
523 silly fetch manifest pirates@^4.0.1
524 silly packumentCache full:https://registry.npmjs.org/pirates cache-miss
525 http cache https://registry.npmjs.org/path-parse 24ms (cache hit)
526 silly packumentCache full:https://registry.npmjs.org/path-parse set size:14523 disposed:false
527 silly fetch manifest tinyglobby@^0.2.11
528 silly packumentCache full:https://registry.npmjs.org/tinyglobby cache-miss
529 http cache https://registry.npmjs.org/supports-preserve-symlinks-flag 23ms (cache hit)
530 silly packumentCache full:https://registry.npmjs.org/supports-preserve-symlinks-flag set size:6802 disposed:false
531 silly fetch manifest ts-interface-checker@^0.1.9
532 silly packumentCache full:https://registry.npmjs.org/ts-interface-checker cache-miss
533 http cache https://registry.npmjs.org/commander 27ms (cache hit)
534 silly packumentCache full:https://registry.npmjs.org/commander set size:306288 disposed:false
535 http cache https://registry.npmjs.org/@jridgewell%2fgen-mapping 35ms (cache hit)
536 silly packumentCache full:https://registry.npmjs.org/@jridgewell%2fgen-mapping set size:80719 disposed:false
537 http cache https://registry.npmjs.org/lines-and-columns 37ms (cache hit)
538 silly packumentCache full:https://registry.npmjs.org/lines-and-columns set size:73796 disposed:false
539 http cache https://registry.npmjs.org/mz 55ms (cache hit)
540 silly packumentCache full:https://registry.npmjs.org/mz set size:42731 disposed:false
541 http cache https://registry.npmjs.org/pirates 57ms (cache hit)
542 silly packumentCache full:https://registry.npmjs.org/pirates set size:51327 disposed:false
543 http cache https://registry.npmjs.org/tinyglobby 52ms (cache hit)
544 silly packumentCache full:https://registry.npmjs.org/tinyglobby set size:52660 disposed:false
545 http cache https://registry.npmjs.org/ts-interface-checker 52ms (cache hit)
546 silly packumentCache full:https://registry.npmjs.org/ts-interface-checker set size:58946 disposed:false
547 silly placeDep ROOT anymatch@3.1.3 OK for: chokidar@3.6.0 want: ~3.1.2
548 silly placeDep ROOT braces@3.0.3 OK for: chokidar@3.6.0 want: ~3.0.2
549 silly placeDep ROOT fsevents@2.3.3 OK for: chokidar@3.6.0 want: ~2.3.2
550 silly placeDep node_modules/chokidar glob-parent@5.1.2 OK for: chokidar@3.6.0 want: ~5.1.2
551 silly placeDep ROOT is-binary-path@2.1.0 OK for: chokidar@3.6.0 want: ~2.1.0
552 silly placeDep ROOT readdirp@3.6.0 OK for: chokidar@3.6.0 want: ~3.6.0
553 silly fetch manifest picomatch@^2.0.4
554 silly packumentCache full:https://registry.npmjs.org/picomatch cache-hit
555 silly fetch manifest fill-range@^7.1.1
556 silly packumentCache full:https://registry.npmjs.org/fill-range cache-miss
557 silly fetch manifest binary-extensions@^2.0.0
558 silly packumentCache full:https://registry.npmjs.org/binary-extensions cache-miss
559 silly fetch manifest picomatch@^2.2.1
560 silly packumentCache full:https://registry.npmjs.org/picomatch cache-hit
561 http cache https://registry.npmjs.org/binary-extensions 32ms (cache hit)
562 silly packumentCache full:https://registry.npmjs.org/binary-extensions set size:51551 disposed:false
563 http cache https://registry.npmjs.org/fill-range 35ms (cache hit)
564 silly packumentCache full:https://registry.npmjs.org/fill-range set size:90212 disposed:false
565 silly placeDep ROOT picomatch@2.3.2 OK for: anymatch@3.1.3 want: ^2.0.4
566 silly placeDep ROOT fill-range@7.1.1 OK for: braces@3.0.3 want: ^7.1.1
567 silly fetch manifest to-regex-range@^5.0.1
568 silly packumentCache full:https://registry.npmjs.org/to-regex-range cache-miss
569 http cache https://registry.npmjs.org/to-regex-range 13ms (cache hit)
570 silly packumentCache full:https://registry.npmjs.org/to-regex-range set size:61569 disposed:false
571 silly placeDep ROOT @nodelib/fs.stat@2.0.5 OK for: fast-glob@3.3.3 want: ^2.0.2
572 silly placeDep ROOT @nodelib/fs.walk@1.2.8 OK for: fast-glob@3.3.3 want: ^1.2.3
573 silly placeDep node_modules/fast-glob glob-parent@5.1.2 OK for: fast-glob@3.3.3 want: ^5.1.2
574 silly placeDep ROOT merge2@1.4.1 OK for: fast-glob@3.3.3 want: ^1.3.0
575 silly fetch manifest fastq@^1.6.0
576 silly packumentCache full:https://registry.npmjs.org/fastq cache-miss
577 silly fetch manifest @nodelib/fs.scandir@2.1.5
578 silly packumentCache full:https://registry.npmjs.org/@nodelib%2ffs.scandir cache-miss
579 http cache https://registry.npmjs.org/@nodelib%2ffs.scandir 13ms (cache hit)
580 silly packumentCache full:https://registry.npmjs.org/@nodelib%2ffs.scandir set size:49256 disposed:false
581 http cache https://registry.npmjs.org/fastq 18ms (cache hit)
582 silly packumentCache full:https://registry.npmjs.org/fastq set size:78301 disposed:false
583 silly placeDep ROOT @nodelib/fs.scandir@2.1.5 OK for: @nodelib/fs.walk@1.2.8 want: 2.1.5
584 silly placeDep ROOT fastq@1.20.1 OK for: @nodelib/fs.walk@1.2.8 want: ^1.6.0
585 silly fetch manifest run-parallel@^1.1.9
586 silly packumentCache full:https://registry.npmjs.org/run-parallel cache-miss
587 silly fetch manifest reusify@^1.0.4
588 silly packumentCache full:https://registry.npmjs.org/reusify cache-miss
589 http cache https://registry.npmjs.org/run-parallel 9ms (cache hit)
590 silly packumentCache full:https://registry.npmjs.org/run-parallel set size:35172 disposed:false
591 http cache https://registry.npmjs.org/reusify 10ms (cache hit)
592 silly packumentCache full:https://registry.npmjs.org/reusify set size:14249 disposed:false
593 silly placeDep ROOT run-parallel@1.2.0 OK for: @nodelib/fs.scandir@2.1.5 want: ^1.1.9
594 silly fetch manifest queue-microtask@^1.2.2
595 silly packumentCache full:https://registry.npmjs.org/queue-microtask cache-miss
596 http cache https://registry.npmjs.org/queue-microtask 8ms (cache hit)
597 silly packumentCache full:https://registry.npmjs.org/queue-microtask set size:36088 disposed:false
598 silly placeDep ROOT reusify@1.1.0 OK for: fastq@1.20.1 want: ^1.0.4
599 silly placeDep ROOT to-regex-range@5.0.1 OK for: fill-range@7.1.1 want: ^5.0.1
600 silly fetch manifest is-number@^7.0.0
601 silly packumentCache full:https://registry.npmjs.org/is-number cache-miss
602 http cache https://registry.npmjs.org/is-number 8ms (cache hit)
603 silly packumentCache full:https://registry.npmjs.org/is-number set size:36183 disposed:false
604 silly placeDep ROOT binary-extensions@2.3.0 OK for: is-binary-path@2.1.0 want: ^2.0.0
605 silly placeDep ROOT is-extglob@2.1.1 OK for: is-glob@4.0.3 want: ^2.1.1
606 silly placeDep ROOT read-cache@1.0.0 OK for: postcss-import@15.1.0 want: ^1.0.0
607 silly fetch manifest pify@^2.3.0
608 silly packumentCache full:https://registry.npmjs.org/pify cache-miss
609 http cache https://registry.npmjs.org/pify 6ms (cache hit)
610 silly packumentCache full:https://registry.npmjs.org/pify set size:33583 disposed:false
611 silly placeDep ROOT camelcase-css@2.0.1 OK for: postcss-js@4.1.0 want: ^2.0.1
612 silly placeDep ROOT cssesc@3.0.0 OK for: postcss-selector-parser@6.1.2 want: ^3.0.0
613 silly placeDep ROOT util-deprecate@1.0.2 OK for: postcss-selector-parser@6.1.2 want: ^1.0.2
614 silly placeDep ROOT pify@2.3.0 OK for: read-cache@1.0.0 want: ^2.3.0
615 silly placeDep ROOT is-core-module@2.16.2 OK for: resolve@1.22.12 want: ^2.16.1
616 silly placeDep ROOT path-parse@1.0.7 OK for: resolve@1.22.12 want: ^1.0.7
617 silly placeDep ROOT supports-preserve-symlinks-flag@1.0.0 OK for: resolve@1.22.12 want: ^1.0.0
618 silly placeDep ROOT queue-microtask@1.2.3 OK for: run-parallel@1.2.0 want: ^1.2.2
619 silly placeDep ROOT @jridgewell/gen-mapping@0.3.13 OK for: sucrase@3.35.1 want: ^0.3.2
620 silly placeDep ROOT commander@4.1.1 OK for: sucrase@3.35.1 want: ^4.0.0
621 silly placeDep ROOT lines-and-columns@1.2.4 OK for: sucrase@3.35.1 want: ^1.1.6
622 silly placeDep ROOT mz@2.7.0 OK for: sucrase@3.35.1 want: ^2.7.0
623 silly placeDep ROOT pirates@4.0.7 OK for: sucrase@3.35.1 want: ^4.0.1
624 silly placeDep ROOT tinyglobby@0.2.16 OK for: sucrase@3.35.1 want: ^0.2.11
625 silly placeDep ROOT ts-interface-checker@0.1.13 OK for: sucrase@3.35.1 want: ^0.1.9
626 silly fetch manifest @jridgewell/sourcemap-codec@^1.5.0
627 silly packumentCache full:https://registry.npmjs.org/@jridgewell%2fsourcemap-codec cache-miss
628 silly fetch manifest @jridgewell/trace-mapping@^0.3.24
629 silly packumentCache full:https://registry.npmjs.org/@jridgewell%2ftrace-mapping cache-miss
630 silly fetch manifest any-promise@^1.0.0
631 silly packumentCache full:https://registry.npmjs.org/any-promise cache-miss
632 silly fetch manifest object-assign@^4.0.1
633 silly packumentCache full:https://registry.npmjs.org/object-assign cache-miss
634 silly fetch manifest thenify-all@^1.0.0
635 silly packumentCache full:https://registry.npmjs.org/thenify-all cache-miss
636 silly fetch manifest fdir@^6.5.0
637 silly packumentCache full:https://registry.npmjs.org/fdir cache-miss
638 silly fetch manifest picomatch@^4.0.4
639 silly packumentCache full:https://registry.npmjs.org/picomatch cache-hit
640 http cache https://registry.npmjs.org/@jridgewell%2fsourcemap-codec 17ms (cache hit)
641 silly packumentCache full:https://registry.npmjs.org/@jridgewell%2fsourcemap-codec set size:59275 disposed:false
642 http cache https://registry.npmjs.org/thenify-all 18ms (cache hit)
643 silly packumentCache full:https://registry.npmjs.org/thenify-all set size:18488 disposed:false
644 http cache https://registry.npmjs.org/@jridgewell%2ftrace-mapping 20ms (cache hit)
645 silly packumentCache full:https://registry.npmjs.org/@jridgewell%2ftrace-mapping set size:170909 disposed:false
646 http cache https://registry.npmjs.org/any-promise 21ms (cache hit)
647 silly packumentCache full:https://registry.npmjs.org/any-promise set size:20233 disposed:false
648 http cache https://registry.npmjs.org/object-assign 22ms (cache hit)
649 silly packumentCache full:https://registry.npmjs.org/object-assign set size:28988 disposed:false
650 http cache https://registry.npmjs.org/fdir 23ms (cache hit)
651 silly packumentCache full:https://registry.npmjs.org/fdir set size:136182 disposed:false
652 silly placeDep ROOT @jridgewell/sourcemap-codec@1.5.5 OK for: @jridgewell/gen-mapping@0.3.13 want: ^1.5.0
653 silly placeDep ROOT @jridgewell/trace-mapping@0.3.31 OK for: @jridgewell/gen-mapping@0.3.13 want: ^0.3.24
654 silly fetch manifest @jridgewell/resolve-uri@^3.1.0
655 silly packumentCache full:https://registry.npmjs.org/@jridgewell%2fresolve-uri cache-miss
656 http cache https://registry.npmjs.org/@jridgewell%2fresolve-uri 7ms (cache hit)
657 silly packumentCache full:https://registry.npmjs.org/@jridgewell%2fresolve-uri set size:57361 disposed:false
658 silly placeDep ROOT @jridgewell/resolve-uri@3.1.2 OK for: @jridgewell/trace-mapping@0.3.31 want: ^3.1.0
659 silly placeDep ROOT any-promise@1.3.0 OK for: mz@2.7.0 want: ^1.0.0
660 silly placeDep ROOT object-assign@4.1.1 OK for: mz@2.7.0 want: ^4.0.1
661 silly placeDep ROOT thenify-all@1.6.0 OK for: mz@2.7.0 want: ^1.0.0
662 silly fetch manifest thenify@>= 3.1.0 < 4
663 silly packumentCache full:https://registry.npmjs.org/thenify cache-miss
664 http cache https://registry.npmjs.org/thenify 7ms (cache hit)
665 silly packumentCache full:https://registry.npmjs.org/thenify set size:21379 disposed:false
666 silly placeDep ROOT thenify@3.3.1 OK for: thenify-all@1.6.0 want: >= 3.1.0 < 4
667 silly placeDep node_modules/tinyglobby fdir@6.5.0 OK for: tinyglobby@0.2.16 want: ^6.5.0
668 silly placeDep node_modules/tinyglobby picomatch@4.0.4 OK for: fdir@6.5.0 want: ^3 || ^4
669 silly placeDep ROOT is-number@7.0.0 OK for: to-regex-range@5.0.1 want: ^7.0.0
670 silly placeDep ROOT escalade@3.2.0 OK for: update-browserslist-db@1.2.3 want: ^3.2.0
671 silly placeDep ROOT esbuild@0.21.5 OK for: vite@5.4.21 want: ^0.21.3
672 silly placeDep ROOT rollup@4.60.4 OK for: vite@5.4.21 want: ^4.20.0
673 silly fetch manifest @esbuild/aix-ppc64@0.21.5
674 silly packumentCache full:https://registry.npmjs.org/@esbuild%2faix-ppc64 cache-miss
675 silly fetch manifest @esbuild/linux-arm@0.21.5
676 silly packumentCache full:https://registry.npmjs.org/@esbuild%2flinux-arm cache-miss
677 silly fetch manifest @esbuild/linux-x64@0.21.5
678 silly packumentCache full:https://registry.npmjs.org/@esbuild%2flinux-x64 cache-miss
679 silly fetch manifest @esbuild/sunos-x64@0.21.5
680 silly packumentCache full:https://registry.npmjs.org/@esbuild%2fsunos-x64 cache-miss
681 silly fetch manifest @esbuild/win32-x64@0.21.5
682 silly packumentCache full:https://registry.npmjs.org/@esbuild%2fwin32-x64 cache-miss
683 silly fetch manifest @esbuild/darwin-x64@0.21.5
684 silly packumentCache full:https://registry.npmjs.org/@esbuild%2fdarwin-x64 cache-miss
685 silly fetch manifest @esbuild/linux-ia32@0.21.5
686 silly packumentCache full:https://registry.npmjs.org/@esbuild%2flinux-ia32 cache-miss
687 http cache https://registry.npmjs.org/@esbuild%2faix-ppc64 19ms (cache hit)
688 silly packumentCache full:https://registry.npmjs.org/@esbuild%2faix-ppc64 set size:64314 disposed:false
689 silly fetch manifest @esbuild/netbsd-x64@0.21.5
690 silly packumentCache full:https://registry.npmjs.org/@esbuild%2fnetbsd-x64 cache-miss
691 http cache https://registry.npmjs.org/@esbuild%2flinux-arm 21ms (cache hit)
692 silly packumentCache full:https://registry.npmjs.org/@esbuild%2flinux-arm set size:195140 disposed:false
693 silly fetch manifest @esbuild/win32-ia32@0.21.5
694 silly packumentCache full:https://registry.npmjs.org/@esbuild%2fwin32-ia32 cache-miss
695 http cache https://registry.npmjs.org/@esbuild%2flinux-x64 23ms (cache hit)
696 silly packumentCache full:https://registry.npmjs.org/@esbuild%2flinux-x64 set size:195479 disposed:false
697 silly fetch manifest @esbuild/android-arm@0.21.5
698 silly packumentCache full:https://registry.npmjs.org/@esbuild%2fandroid-arm cache-miss
699 http cache https://registry.npmjs.org/@esbuild%2fsunos-x64 24ms (cache hit)
700 silly packumentCache full:https://registry.npmjs.org/@esbuild%2fsunos-x64 set size:195721 disposed:false
701 silly fetch manifest @esbuild/android-x64@0.21.5
702 silly packumentCache full:https://registry.npmjs.org/@esbuild%2fandroid-x64 cache-miss
703 http cache https://registry.npmjs.org/@esbuild%2fwin32-x64 26ms (cache hit)
704 silly packumentCache full:https://registry.npmjs.org/@esbuild%2fwin32-x64 set size:194073 disposed:false
705 silly fetch manifest @esbuild/freebsd-x64@0.21.5
706 silly packumentCache full:https://registry.npmjs.org/@esbuild%2ffreebsd-x64 cache-miss
707 http cache https://registry.npmjs.org/@esbuild%2flinux-ia32 28ms (cache hit)
708 silly packumentCache full:https://registry.npmjs.org/@esbuild%2flinux-ia32 set size:196150 disposed:false
709 silly fetch manifest @esbuild/linux-arm64@0.21.5
710 silly packumentCache full:https://registry.npmjs.org/@esbuild%2flinux-arm64 cache-miss
711 http cache https://registry.npmjs.org/@esbuild%2fdarwin-x64 30ms (cache hit)
712 silly packumentCache full:https://registry.npmjs.org/@esbuild%2fdarwin-x64 set size:196195 disposed:false
713 silly fetch manifest @esbuild/linux-ppc64@0.21.5
714 silly packumentCache full:https://registry.npmjs.org/@esbuild%2flinux-ppc64 cache-miss
715 http cache https://registry.npmjs.org/@esbuild%2fandroid-arm 24ms (cache hit)
716 silly packumentCache full:https://registry.npmjs.org/@esbuild%2fandroid-arm set size:221749 disposed:false
717 silly fetch manifest @esbuild/linux-s390x@0.21.5
718 silly packumentCache full:https://registry.npmjs.org/@esbuild%2flinux-s390x cache-miss
719 http cache https://registry.npmjs.org/@esbuild%2fnetbsd-x64 29ms (cache hit)
720 silly packumentCache full:https://registry.npmjs.org/@esbuild%2fnetbsd-x64 set size:193883 disposed:false
721 silly fetch manifest @esbuild/openbsd-x64@0.21.5
722 silly packumentCache full:https://registry.npmjs.org/@esbuild%2fopenbsd-x64 cache-miss
723 http cache https://registry.npmjs.org/@esbuild%2fwin32-ia32 29ms (cache hit)
724 silly packumentCache full:https://registry.npmjs.org/@esbuild%2fwin32-ia32 set size:196374 disposed:false
725 silly fetch manifest @esbuild/win32-arm64@0.21.5
726 silly packumentCache full:https://registry.npmjs.org/@esbuild%2fwin32-arm64 cache-miss
727 http cache https://registry.npmjs.org/@esbuild%2ffreebsd-x64 26ms (cache hit)
728 silly packumentCache full:https://registry.npmjs.org/@esbuild%2ffreebsd-x64 set size:197070 disposed:false
729 silly fetch manifest @esbuild/darwin-arm64@0.21.5
730 silly packumentCache full:https://registry.npmjs.org/@esbuild%2fdarwin-arm64 cache-miss
731 http cache https://registry.npmjs.org/@esbuild%2fandroid-x64 30ms (cache hit)
732 silly packumentCache full:https://registry.npmjs.org/@esbuild%2fandroid-x64 set size:195551 disposed:false
733 silly fetch manifest @esbuild/android-arm64@0.21.5
734 silly packumentCache full:https://registry.npmjs.org/@esbuild%2fandroid-arm64 cache-miss
735 http cache https://registry.npmjs.org/@esbuild%2flinux-arm64 28ms (cache hit)
736 silly packumentCache full:https://registry.npmjs.org/@esbuild%2flinux-arm64 set size:197274 disposed:false
737 silly fetch manifest @esbuild/freebsd-arm64@0.21.5
738 silly packumentCache full:https://registry.npmjs.org/@esbuild%2ffreebsd-arm64 cache-miss
739 http cache https://registry.npmjs.org/@esbuild%2flinux-ppc64 29ms (cache hit)
740 silly packumentCache full:https://registry.npmjs.org/@esbuild%2flinux-ppc64 set size:199310 disposed:false
741 silly fetch manifest @esbuild/linux-loong64@0.21.5
742 silly packumentCache full:https://registry.npmjs.org/@esbuild%2flinux-loong64 cache-miss
743 http cache https://registry.npmjs.org/@esbuild%2flinux-s390x 25ms (cache hit)
744 silly packumentCache full:https://registry.npmjs.org/@esbuild%2flinux-s390x set size:198784 disposed:false
745 silly fetch manifest @esbuild/linux-riscv64@0.21.5
746 silly packumentCache full:https://registry.npmjs.org/@esbuild%2flinux-riscv64 cache-miss
747 http cache https://registry.npmjs.org/@esbuild%2fwin32-arm64 23ms (cache hit)
748 silly packumentCache full:https://registry.npmjs.org/@esbuild%2fwin32-arm64 set size:197504 disposed:false
749 silly fetch manifest @esbuild/linux-mips64el@0.21.5
750 silly packumentCache full:https://registry.npmjs.org/@esbuild%2flinux-mips64el cache-miss
751 http cache https://registry.npmjs.org/@esbuild%2fopenbsd-x64 26ms (cache hit)
752 silly packumentCache full:https://registry.npmjs.org/@esbuild%2fopenbsd-x64 set size:197080 disposed:false
753 silly fetch manifest @types/estree@1.0.8
754 silly packumentCache full:https://registry.npmjs.org/@types%2festree cache-miss
755 http cache https://registry.npmjs.org/@esbuild%2fdarwin-arm64 26ms (cache hit)
756 silly packumentCache full:https://registry.npmjs.org/@esbuild%2fdarwin-arm64 set size:197958 disposed:false
757 silly fetch manifest @rollup/rollup-darwin-arm64@4.60.4
758 silly packumentCache full:https://registry.npmjs.org/@rollup%2frollup-darwin-arm64 cache-miss
759 http cache https://registry.npmjs.org/@esbuild%2fandroid-arm64 26ms (cache hit)
760 silly packumentCache full:https://registry.npmjs.org/@esbuild%2fandroid-arm64 set size:200684 disposed:false
761 silly fetch manifest @rollup/rollup-android-arm64@4.60.4
762 silly packumentCache full:https://registry.npmjs.org/@rollup%2frollup-android-arm64 cache-miss
763 http cache https://registry.npmjs.org/@esbuild%2flinux-loong64 24ms (cache hit)
764 silly packumentCache full:https://registry.npmjs.org/@esbuild%2flinux-loong64 set size:252211 disposed:false
765 silly fetch manifest @rollup/rollup-win32-arm64-msvc@4.60.4
766 silly packumentCache full:https://registry.npmjs.org/@rollup%2frollup-win32-arm64-msvc cache-miss
767 http cache https://registry.npmjs.org/@esbuild%2ffreebsd-arm64 30ms (cache hit)
768 silly packumentCache full:https://registry.npmjs.org/@esbuild%2ffreebsd-arm64 set size:198853 disposed:false
769 silly fetch manifest @rollup/rollup-freebsd-arm64@4.60.4
770 silly packumentCache full:https://registry.npmjs.org/@rollup%2frollup-freebsd-arm64 cache-miss
771 http cache https://registry.npmjs.org/@esbuild%2flinux-riscv64 28ms (cache hit)
772 silly packumentCache full:https://registry.npmjs.org/@esbuild%2flinux-riscv64 set size:198981 disposed:false
773 silly fetch manifest @rollup/rollup-linux-arm64-gnu@4.60.4
774 silly packumentCache full:https://registry.npmjs.org/@rollup%2frollup-linux-arm64-gnu cache-miss
775 http cache https://registry.npmjs.org/@rollup%2frollup-darwin-arm64 23ms (cache hit)
776 silly packumentCache full:https://registry.npmjs.org/@rollup%2frollup-darwin-arm64 set size:337725 disposed:false
777 silly fetch manifest @rollup/rollup-linux-arm64-musl@4.60.4
778 silly packumentCache full:https://registry.npmjs.org/@rollup%2frollup-linux-arm64-musl cache-miss
779 http cache https://registry.npmjs.org/@esbuild%2flinux-mips64el 31ms (cache hit)
780 silly packumentCache full:https://registry.npmjs.org/@esbuild%2flinux-mips64el set size:201062 disposed:false
781 silly fetch manifest @rollup/rollup-android-arm-eabi@4.60.4
782 silly packumentCache full:https://registry.npmjs.org/@rollup%2frollup-android-arm-eabi cache-miss
783 http cache https://registry.npmjs.org/@types%2festree 29ms (cache hit)
784 silly packumentCache full:https://registry.npmjs.org/@types%2festree set size:76072 disposed:false
785 silly fetch manifest @rollup/rollup-linux-arm-gnueabihf@4.60.4
786 silly packumentCache full:https://registry.npmjs.org/@rollup%2frollup-linux-arm-gnueabihf cache-miss
787 http cache https://registry.npmjs.org/@rollup%2frollup-android-arm64 27ms (cache hit)
788 silly packumentCache full:https://registry.npmjs.org/@rollup%2frollup-android-arm64 set size:339228 disposed:false
789 silly fetch manifest @rollup/rollup-linux-arm-musleabihf@4.60.4
790 silly packumentCache full:https://registry.npmjs.org/@rollup%2frollup-linux-arm-musleabihf cache-miss
791 http cache https://registry.npmjs.org/@rollup%2frollup-win32-arm64-msvc 27ms (cache hit)
792 silly packumentCache full:https://registry.npmjs.org/@rollup%2frollup-win32-arm64-msvc set size:342623 disposed:false
793 silly fetch manifest @rollup/rollup-win32-ia32-msvc@4.60.4
794 silly packumentCache full:https://registry.npmjs.org/@rollup%2frollup-win32-ia32-msvc cache-miss
795 http cache https://registry.npmjs.org/@rollup%2frollup-freebsd-arm64 28ms (cache hit)
796 silly packumentCache full:https://registry.npmjs.org/@rollup%2frollup-freebsd-arm64 set size:187433 disposed:false
797 silly fetch manifest @rollup/rollup-linux-loong64-gnu@4.60.4
798 silly packumentCache full:https://registry.npmjs.org/@rollup%2frollup-linux-loong64-gnu cache-miss
799 http cache https://registry.npmjs.org/@rollup%2frollup-linux-arm64-gnu 31ms (cache hit)
800 silly packumentCache full:https://registry.npmjs.org/@rollup%2frollup-linux-arm64-gnu set size:344870 disposed:false
801 silly fetch manifest @rollup/rollup-linux-loong64-musl@4.60.4
802 silly packumentCache full:https://registry.npmjs.org/@rollup%2frollup-linux-loong64-musl cache-miss
803 http cache https://registry.npmjs.org/@rollup%2frollup-linux-arm64-musl 31ms (cache hit)
804 silly packumentCache full:https://registry.npmjs.org/@rollup%2frollup-linux-arm64-musl set size:300259 disposed:false
805 silly fetch manifest @rollup/rollup-linux-riscv64-gnu@4.60.4
806 silly packumentCache full:https://registry.npmjs.org/@rollup%2frollup-linux-riscv64-gnu cache-miss
807 http cache https://registry.npmjs.org/@rollup%2frollup-linux-arm-musleabihf 28ms (cache hit)
808 silly packumentCache full:https://registry.npmjs.org/@rollup%2frollup-linux-arm-musleabihf set size:242546 disposed:false
809 silly fetch manifest @rollup/rollup-linux-riscv64-musl@4.60.4
810 silly packumentCache full:https://registry.npmjs.org/@rollup%2frollup-linux-riscv64-musl cache-miss
811 http cache https://registry.npmjs.org/@rollup%2frollup-android-arm-eabi 34ms (cache hit)
812 silly packumentCache full:https://registry.npmjs.org/@rollup%2frollup-android-arm-eabi set size:342632 disposed:false
813 silly fetch manifest @rollup/rollup-linux-ppc64-gnu@4.60.4
814 silly packumentCache full:https://registry.npmjs.org/@rollup%2frollup-linux-ppc64-gnu cache-miss
815 http cache https://registry.npmjs.org/@rollup%2frollup-linux-arm-gnueabihf 38ms (cache hit)
816 silly packumentCache full:https://registry.npmjs.org/@rollup%2frollup-linux-arm-gnueabihf set size:348367 disposed:false
817 silly fetch manifest @rollup/rollup-linux-ppc64-musl@4.60.4
818 silly packumentCache full:https://registry.npmjs.org/@rollup%2frollup-linux-ppc64-musl cache-miss
819 http cache https://registry.npmjs.org/@rollup%2frollup-linux-loong64-gnu 30ms (cache hit)
820 silly packumentCache full:https://registry.npmjs.org/@rollup%2frollup-linux-loong64-gnu set size:69333 disposed:false
821 silly fetch manifest @rollup/rollup-linux-s390x-gnu@4.60.4
822 silly packumentCache full:https://registry.npmjs.org/@rollup%2frollup-linux-s390x-gnu cache-miss
823 http cache https://registry.npmjs.org/@rollup%2frollup-win32-ia32-msvc 34ms (cache hit)
824 silly packumentCache full:https://registry.npmjs.org/@rollup%2frollup-win32-ia32-msvc set size:341138 disposed:false
825 silly fetch manifest @rollup/rollup-darwin-x64@4.60.4
826 silly packumentCache full:https://registry.npmjs.org/@rollup%2frollup-darwin-x64 cache-miss
827 http cache https://registry.npmjs.org/@rollup%2frollup-linux-loong64-musl 46ms (cache hit)
828 silly packumentCache full:https://registry.npmjs.org/@rollup%2frollup-linux-loong64-musl set size:31337 disposed:false
829 silly fetch manifest @rollup/rollup-win32-x64-gnu@4.60.4
830 silly packumentCache full:https://registry.npmjs.org/@rollup%2frollup-win32-x64-gnu cache-miss
831 http cache https://registry.npmjs.org/@rollup%2frollup-linux-riscv64-gnu 45ms (cache hit)
832 silly packumentCache full:https://registry.npmjs.org/@rollup%2frollup-linux-riscv64-gnu set size:271020 disposed:false
833 silly fetch manifest @rollup/rollup-win32-x64-msvc@4.60.4
834 silly packumentCache full:https://registry.npmjs.org/@rollup%2frollup-win32-x64-msvc cache-miss
835 http cache https://registry.npmjs.org/@rollup%2frollup-linux-ppc64-gnu 42ms (cache hit)
836 silly packumentCache full:https://registry.npmjs.org/@rollup%2frollup-linux-ppc64-gnu set size:89550 disposed:false
837 silly fetch manifest @rollup/rollup-freebsd-x64@4.60.4
838 silly packumentCache full:https://registry.npmjs.org/@rollup%2frollup-freebsd-x64 cache-miss
839 http cache https://registry.npmjs.org/@rollup%2frollup-linux-riscv64-musl 48ms (cache hit)
840 silly packumentCache full:https://registry.npmjs.org/@rollup%2frollup-linux-riscv64-musl set size:117003 disposed:false
841 silly fetch manifest @rollup/rollup-linux-x64-gnu@4.60.4
842 silly packumentCache full:https://registry.npmjs.org/@rollup%2frollup-linux-x64-gnu cache-miss
843 http cache https://registry.npmjs.org/@rollup%2frollup-linux-ppc64-musl 42ms (cache hit)
844 silly packumentCache full:https://registry.npmjs.org/@rollup%2frollup-linux-ppc64-musl set size:31078 disposed:false
845 silly fetch manifest @rollup/rollup-linux-x64-musl@4.60.4
846 silly packumentCache full:https://registry.npmjs.org/@rollup%2frollup-linux-x64-musl cache-miss
847 http cache https://registry.npmjs.org/@rollup%2frollup-linux-s390x-gnu 41ms (cache hit)
848 silly packumentCache full:https://registry.npmjs.org/@rollup%2frollup-linux-s390x-gnu set size:244719 disposed:false
849 silly fetch manifest @rollup/rollup-openbsd-x64@4.60.4
850 silly packumentCache full:https://registry.npmjs.org/@rollup%2frollup-openbsd-x64 cache-miss
851 http cache https://registry.npmjs.org/@rollup%2frollup-darwin-x64 42ms (cache hit)
852 silly packumentCache full:https://registry.npmjs.org/@rollup%2frollup-darwin-x64 set size:332929 disposed:false
853 silly fetch manifest @rollup/rollup-openharmony-arm64@4.60.4
854 silly packumentCache full:https://registry.npmjs.org/@rollup%2frollup-openharmony-arm64 cache-miss
855 http cache https://registry.npmjs.org/@rollup%2frollup-win32-x64-gnu 26ms (cache hit)
856 silly packumentCache full:https://registry.npmjs.org/@rollup%2frollup-win32-x64-gnu set size:60872 disposed:false
857 http cache https://registry.npmjs.org/@rollup%2frollup-win32-x64-msvc 26ms (cache hit)
858 silly packumentCache full:https://registry.npmjs.org/@rollup%2frollup-win32-x64-msvc set size:337788 disposed:false
859 http cache https://registry.npmjs.org/@rollup%2frollup-freebsd-x64 28ms (cache hit)
860 silly packumentCache full:https://registry.npmjs.org/@rollup%2frollup-freebsd-x64 set size:185525 disposed:false
861 http cache https://registry.npmjs.org/@rollup%2frollup-linux-x64-musl 26ms (cache hit)
862 silly packumentCache full:https://registry.npmjs.org/@rollup%2frollup-linux-x64-musl set size:339359 disposed:false
863 http cache https://registry.npmjs.org/@rollup%2frollup-linux-x64-gnu 31ms (cache hit)
864 silly packumentCache full:https://registry.npmjs.org/@rollup%2frollup-linux-x64-gnu set size:340008 disposed:false
865 http cache https://registry.npmjs.org/@rollup%2frollup-openbsd-x64 29ms (cache hit)
866 silly packumentCache full:https://registry.npmjs.org/@rollup%2frollup-openbsd-x64 set size:30269 disposed:false
867 http cache https://registry.npmjs.org/@rollup%2frollup-openharmony-arm64 25ms (cache hit)
868 silly packumentCache full:https://registry.npmjs.org/@rollup%2frollup-openharmony-arm64 set size:70209 disposed:false
869 silly placeDep ROOT @esbuild/aix-ppc64@0.21.5 OK for: esbuild@0.21.5 want: 0.21.5
870 silly placeDep ROOT @esbuild/android-arm@0.21.5 OK for: esbuild@0.21.5 want: 0.21.5
871 silly placeDep ROOT @esbuild/android-arm64@0.21.5 OK for: esbuild@0.21.5 want: 0.21.5
872 silly placeDep ROOT @esbuild/android-x64@0.21.5 OK for: esbuild@0.21.5 want: 0.21.5
873 silly placeDep ROOT @esbuild/darwin-arm64@0.21.5 OK for: esbuild@0.21.5 want: 0.21.5
874 silly placeDep ROOT @esbuild/darwin-x64@0.21.5 OK for: esbuild@0.21.5 want: 0.21.5
875 silly placeDep ROOT @esbuild/freebsd-arm64@0.21.5 OK for: esbuild@0.21.5 want: 0.21.5
876 silly placeDep ROOT @esbuild/freebsd-x64@0.21.5 OK for: esbuild@0.21.5 want: 0.21.5
877 silly placeDep ROOT @esbuild/linux-arm@0.21.5 OK for: esbuild@0.21.5 want: 0.21.5
878 silly placeDep ROOT @esbuild/linux-arm64@0.21.5 OK for: esbuild@0.21.5 want: 0.21.5
879 silly placeDep ROOT @esbuild/linux-ia32@0.21.5 OK for: esbuild@0.21.5 want: 0.21.5
880 silly placeDep ROOT @esbuild/linux-loong64@0.21.5 OK for: esbuild@0.21.5 want: 0.21.5
881 silly placeDep ROOT @esbuild/linux-mips64el@0.21.5 OK for: esbuild@0.21.5 want: 0.21.5
882 silly placeDep ROOT @esbuild/linux-ppc64@0.21.5 OK for: esbuild@0.21.5 want: 0.21.5
883 silly placeDep ROOT @esbuild/linux-riscv64@0.21.5 OK for: esbuild@0.21.5 want: 0.21.5
884 silly placeDep ROOT @esbuild/linux-s390x@0.21.5 OK for: esbuild@0.21.5 want: 0.21.5
885 silly placeDep ROOT @esbuild/linux-x64@0.21.5 OK for: esbuild@0.21.5 want: 0.21.5
886 silly placeDep ROOT @esbuild/netbsd-x64@0.21.5 OK for: esbuild@0.21.5 want: 0.21.5
887 silly placeDep ROOT @esbuild/openbsd-x64@0.21.5 OK for: esbuild@0.21.5 want: 0.21.5
888 silly placeDep ROOT @esbuild/sunos-x64@0.21.5 OK for: esbuild@0.21.5 want: 0.21.5
889 silly placeDep ROOT @esbuild/win32-arm64@0.21.5 OK for: esbuild@0.21.5 want: 0.21.5
890 silly placeDep ROOT @esbuild/win32-ia32@0.21.5 OK for: esbuild@0.21.5 want: 0.21.5
891 silly placeDep ROOT @esbuild/win32-x64@0.21.5 OK for: esbuild@0.21.5 want: 0.21.5
892 silly placeDep ROOT @rollup/rollup-android-arm-eabi@4.60.4 OK for: rollup@4.60.4 want: 4.60.4
893 silly placeDep ROOT @rollup/rollup-android-arm64@4.60.4 OK for: rollup@4.60.4 want: 4.60.4
894 silly placeDep ROOT @rollup/rollup-darwin-arm64@4.60.4 OK for: rollup@4.60.4 want: 4.60.4
895 silly placeDep ROOT @rollup/rollup-darwin-x64@4.60.4 OK for: rollup@4.60.4 want: 4.60.4
896 silly placeDep ROOT @rollup/rollup-freebsd-arm64@4.60.4 OK for: rollup@4.60.4 want: 4.60.4
897 silly placeDep ROOT @rollup/rollup-freebsd-x64@4.60.4 OK for: rollup@4.60.4 want: 4.60.4
898 silly placeDep ROOT @rollup/rollup-linux-arm-gnueabihf@4.60.4 OK for: rollup@4.60.4 want: 4.60.4
899 silly placeDep ROOT @rollup/rollup-linux-arm-musleabihf@4.60.4 OK for: rollup@4.60.4 want: 4.60.4
900 silly placeDep ROOT @rollup/rollup-linux-arm64-gnu@4.60.4 OK for: rollup@4.60.4 want: 4.60.4
901 silly placeDep ROOT @rollup/rollup-linux-arm64-musl@4.60.4 OK for: rollup@4.60.4 want: 4.60.4
902 silly placeDep ROOT @rollup/rollup-linux-loong64-gnu@4.60.4 OK for: rollup@4.60.4 want: 4.60.4
903 silly placeDep ROOT @rollup/rollup-linux-loong64-musl@4.60.4 OK for: rollup@4.60.4 want: 4.60.4
904 silly placeDep ROOT @rollup/rollup-linux-ppc64-gnu@4.60.4 OK for: rollup@4.60.4 want: 4.60.4
905 silly placeDep ROOT @rollup/rollup-linux-ppc64-musl@4.60.4 OK for: rollup@4.60.4 want: 4.60.4
906 silly placeDep ROOT @rollup/rollup-linux-riscv64-gnu@4.60.4 OK for: rollup@4.60.4 want: 4.60.4
907 silly placeDep ROOT @rollup/rollup-linux-riscv64-musl@4.60.4 OK for: rollup@4.60.4 want: 4.60.4
908 silly placeDep ROOT @rollup/rollup-linux-s390x-gnu@4.60.4 OK for: rollup@4.60.4 want: 4.60.4
909 silly placeDep ROOT @rollup/rollup-linux-x64-gnu@4.60.4 OK for: rollup@4.60.4 want: 4.60.4
910 silly placeDep ROOT @rollup/rollup-linux-x64-musl@4.60.4 OK for: rollup@4.60.4 want: 4.60.4
911 silly placeDep ROOT @rollup/rollup-openbsd-x64@4.60.4 OK for: rollup@4.60.4 want: 4.60.4
912 silly placeDep ROOT @rollup/rollup-openharmony-arm64@4.60.4 OK for: rollup@4.60.4 want: 4.60.4
913 silly placeDep ROOT @rollup/rollup-win32-arm64-msvc@4.60.4 OK for: rollup@4.60.4 want: 4.60.4
914 silly placeDep ROOT @rollup/rollup-win32-ia32-msvc@4.60.4 OK for: rollup@4.60.4 want: 4.60.4
915 silly placeDep ROOT @rollup/rollup-win32-x64-gnu@4.60.4 OK for: rollup@4.60.4 want: 4.60.4
916 silly placeDep ROOT @rollup/rollup-win32-x64-msvc@4.60.4 OK for: rollup@4.60.4 want: 4.60.4
917 silly placeDep ROOT @types/estree@1.0.8 OK for: rollup@4.60.4 want: 1.0.8
918 silly fetch manifest vue@3.5.34
919 silly packumentCache full:https://registry.npmjs.org/vue cache-miss
920 http cache https://registry.npmjs.org/vue 10ms (cache hit)
921 silly packumentCache full:https://registry.npmjs.org/vue set size:2035974 disposed:false
922 silly placeDep ROOT @vue/compiler-dom@3.5.34 OK for: vue@3.5.34 want: 3.5.34
923 silly placeDep ROOT @vue/compiler-sfc@3.5.34 OK for: vue@3.5.34 want: 3.5.34
924 silly placeDep ROOT @vue/runtime-dom@3.5.34 OK for: vue@3.5.34 want: 3.5.34
925 silly placeDep ROOT @vue/server-renderer@3.5.34 OK for: vue@3.5.34 want: 3.5.34
926 silly placeDep ROOT @vue/shared@3.5.34 OK for: vue@3.5.34 want: 3.5.34
927 silly fetch manifest @vue/compiler-core@3.5.34
928 silly packumentCache full:https://registry.npmjs.org/@vue%2fcompiler-core cache-miss
929 silly fetch manifest magic-string@^0.30.21
930 silly packumentCache full:https://registry.npmjs.org/magic-string cache-miss
931 silly fetch manifest @babel/parser@^7.29.3
932 silly packumentCache full:https://registry.npmjs.org/@babel%2fparser cache-miss
933 silly fetch manifest estree-walker@^2.0.2
934 silly packumentCache full:https://registry.npmjs.org/estree-walker cache-miss
935 silly fetch manifest @vue/compiler-ssr@3.5.34
936 silly packumentCache full:https://registry.npmjs.org/@vue%2fcompiler-ssr cache-miss
937 silly fetch manifest @vue/compiler-core@3.5.34
938 silly packumentCache full:https://registry.npmjs.org/@vue%2fcompiler-core cache-miss
939 silly fetch manifest csstype@^3.2.3
940 silly packumentCache full:https://registry.npmjs.org/csstype cache-miss
941 http cache https://registry.npmjs.org/magic-string 19ms (cache hit)
942 silly packumentCache full:https://registry.npmjs.org/magic-string set size:331817 disposed:false
943 silly fetch manifest @vue/reactivity@3.5.34
944 silly packumentCache full:https://registry.npmjs.org/@vue%2freactivity cache-miss
945 http cache https://registry.npmjs.org/@vue%2fcompiler-ssr 23ms (cache hit)
946 silly packumentCache full:https://registry.npmjs.org/@vue%2fcompiler-ssr set size:703225 disposed:false
947 silly fetch manifest @vue/runtime-core@3.5.34
948 silly packumentCache full:https://registry.npmjs.org/@vue%2fruntime-core cache-miss
949 http cache https://registry.npmjs.org/@vue%2fcompiler-core 28ms (cache hit)
950 silly packumentCache full:https://registry.npmjs.org/@vue%2fcompiler-core set size:824871 disposed:false
951 http cache https://registry.npmjs.org/estree-walker 31ms (cache hit)
952 silly packumentCache full:https://registry.npmjs.org/estree-walker set size:60887 disposed:false
953 http cache https://registry.npmjs.org/@babel%2fparser 35ms (cache hit)
954 silly packumentCache full:https://registry.npmjs.org/@babel%2fparser set size:725652 disposed:false
955 http cache https://registry.npmjs.org/@vue%2fcompiler-core 40ms (cache hit)
956 silly packumentCache full:https://registry.npmjs.org/@vue%2fcompiler-core set size:824871 disposed:false
957 silly packumentCache full:https://registry.npmjs.org/@vue%2fcompiler-core dispose
958 http cache https://registry.npmjs.org/csstype 44ms (cache hit)
959 silly packumentCache full:https://registry.npmjs.org/csstype set size:274189 disposed:false
960 http cache https://registry.npmjs.org/@vue%2fruntime-core 28ms (cache hit)
961 silly packumentCache full:https://registry.npmjs.org/@vue%2fruntime-core set size:798659 disposed:false
962 http cache https://registry.npmjs.org/@vue%2freactivity 38ms (cache hit)
963 silly packumentCache full:https://registry.npmjs.org/@vue%2freactivity set size:809576 disposed:false
964 silly placeDep ROOT @vue/compiler-core@3.5.34 OK for: @vue/compiler-dom@3.5.34 want: 3.5.34
965 silly fetch manifest entities@^7.0.1
966 silly packumentCache full:https://registry.npmjs.org/entities cache-miss
967 http cache https://registry.npmjs.org/entities 9ms (cache hit)
968 silly packumentCache full:https://registry.npmjs.org/entities set size:101550 disposed:false
969 silly placeDep ROOT @babel/parser@7.29.3 OK for: @vue/compiler-core@3.5.34 want: ^7.29.3
970 silly placeDep ROOT entities@7.0.1 OK for: @vue/compiler-core@3.5.34 want: ^7.0.1
971 silly placeDep ROOT estree-walker@2.0.2 OK for: @vue/compiler-core@3.5.34 want: ^2.0.2
972 silly fetch manifest @babel/types@^7.29.0
973 silly packumentCache full:https://registry.npmjs.org/@babel%2ftypes cache-miss
974 http cache https://registry.npmjs.org/@babel%2ftypes 9ms (cache hit)
975 silly packumentCache full:https://registry.npmjs.org/@babel%2ftypes set size:491978 disposed:false
976 silly placeDep ROOT @babel/types@7.29.0 OK for: @babel/parser@7.29.3 want: ^7.29.0
977 silly fetch manifest @babel/helper-string-parser@^7.27.1
978 silly packumentCache full:https://registry.npmjs.org/@babel%2fhelper-string-parser cache-miss
979 silly fetch manifest @babel/helper-validator-identifier@^7.28.5
980 silly packumentCache full:https://registry.npmjs.org/@babel%2fhelper-validator-identifier cache-miss
981 http cache https://registry.npmjs.org/@babel%2fhelper-string-parser 8ms (cache hit)
982 silly packumentCache full:https://registry.npmjs.org/@babel%2fhelper-string-parser set size:85662 disposed:false
983 http cache https://registry.npmjs.org/@babel%2fhelper-validator-identifier 10ms (cache hit)
984 silly packumentCache full:https://registry.npmjs.org/@babel%2fhelper-validator-identifier set size:119950 disposed:false
985 silly placeDep ROOT @babel/helper-string-parser@7.27.1 OK for: @babel/types@7.29.0 want: ^7.27.1
986 silly placeDep ROOT @babel/helper-validator-identifier@7.28.5 OK for: @babel/types@7.29.0 want: ^7.28.5
987 silly placeDep ROOT @vue/compiler-ssr@3.5.34 OK for: @vue/compiler-sfc@3.5.34 want: 3.5.34
988 silly placeDep ROOT magic-string@0.30.21 OK for: @vue/compiler-sfc@3.5.34 want: ^0.30.21
989 silly placeDep ROOT @vue/reactivity@3.5.34 OK for: @vue/runtime-dom@3.5.34 want: 3.5.34
990 silly placeDep ROOT @vue/runtime-core@3.5.34 OK for: @vue/runtime-dom@3.5.34 want: 3.5.34
991 silly placeDep ROOT csstype@3.2.3 OK for: @vue/runtime-dom@3.5.34 want: ^3.2.3
992 verbose type range
993 verbose stack lucide-vue-next: No matching version found for lucide-vue-next@^0.2.0.
993 verbose stack     at module.exports (E:\software\Node\node_modules\npm\node_modules\npm-pick-manifest\lib\index.js:210:23)
993 verbose stack     at RegistryFetcher.manifest (E:\software\Node\node_modules\npm\node_modules\pacote\lib\registry.js:130:54)
993 verbose stack     at async #fetchManifest (E:\software\Node\node_modules\npm\node_modules\@npmcli\arborist\lib\arborist\build-ideal-tree.js:1227:20)
993 verbose stack     at async #nodeFromEdge (E:\software\Node\node_modules\npm\node_modules\@npmcli\arborist\lib\arborist\build-ideal-tree.js:1061:19)
993 verbose stack     at async #buildDepStep (E:\software\Node\node_modules\npm\node_modules\@npmcli\arborist\lib\arborist\build-ideal-tree.js:917:11)
993 verbose stack     at async Arborist.buildIdealTree (E:\software\Node\node_modules\npm\node_modules\@npmcli\arborist\lib\arborist\build-ideal-tree.js:170:7)
993 verbose stack     at async Promise.all (index 1)
993 verbose stack     at async Arborist.reify (E:\software\Node\node_modules\npm\node_modules\@npmcli\arborist\lib\arborist\reify.js:111:5)
993 verbose stack     at async Install.exec (E:\software\Node\node_modules\npm\lib\commands\install.js:146:5)
993 verbose stack     at async Npm.exec (E:\software\Node\node_modules\npm\lib\npm.js:193:9)
994 error code ETARGET
995 error notarget No matching version found for lucide-vue-next@^0.2.0.
996 error notarget In most cases you or one of your dependencies are requesting a package version that doesn't exist.
997 silly unfinished npm timer reify 1778833414682
998 silly unfinished npm timer reify:loadTrees 1778833414686
999 verbose cwd E:\some_work_project\cursor-trae\trae-3 to g\frontend
1000 verbose os Windows_NT 10.0.22631
1001 verbose node v24.15.0
1002 verbose npm  v11.12.1
1003 verbose exit 1
1004 verbose code 1
1005 error A complete log of this run can be found in: E:\some_work_project\cursor-trae\trae-3 to g\frontend\.npm_cache\_logs\2026-05-15T08_23_33_143Z-debug-0.log
